The system is: Windows - 10.0.18362 - AMD64
Compiling the C compiler identification source file "CMakeCCompilerId.c" succeeded.
Compiler: C:/Program Files (x86)/Microsoft Visual Studio/2017/Community/VC/Tools/MSVC/14.12.25827/bin/Hostx86/x86/cl.exe 
Build flags: 
Id flags:  

The output was:
0
Compilateur d'optimisation Microsoft (R) C/C++ version 19.12.25831 pour x86
Copyright (C) Microsoft Corporation. Tous droits réservés.

CMakeCCompilerId.c
Microsoft (R) Incremental Linker Version 14.12.25831.0
Copyright (C) Microsoft Corporation.  All rights reserved.

/out:CMakeCCompilerId.exe 
CMakeCCompilerId.obj 


Compilation of the C compiler identification source "CMakeCCompilerId.c" produced "CMakeCCompilerId.exe"

Compilation of the C compiler identification source "CMakeCCompilerId.c" produced "CMakeCCompilerId.obj"

The C compiler identification is MSVC, found in "C:/Users/Arnaud Cassart/Documents/Travail Arnaud/Analyse num/Projet-IDI/cmake-build-debug/CMakeFiles/3.15.3/CompilerIdC/CMakeCCompilerId.exe"

Determining if the C compiler works passed with the following output:
Change Dir: C:/Users/Arnaud Cassart/Documents/Travail Arnaud/Analyse num/Projet-IDI/cmake-build-debug/CMakeFiles/CMakeTmp

Run Build Command(s):nmake /nologo cmTC_025b5\fast && 	"C:\Program Files (x86)\Microsoft Visual Studio\2017\Community\VC\Tools\MSVC\14.12.25827\bin\HostX86\x86\nmake.exe" -f CMakeFiles\cmTC_025b5.dir\build.make /nologo -L                  CMakeFiles\cmTC_025b5.dir\build
Building C object CMakeFiles/cmTC_025b5.dir/testCCompiler.c.obj
	C:\PROGRA~2\MICROS~2\2017\COMMUN~1\VC\Tools\MSVC\1412~1.258\bin\Hostx86\x86\cl.exe @C:\Users\ARNAUD~1\AppData\Local\Temp\nmAF7B.tmp
testCCompiler.c
Linking C executable cmTC_025b5.exe
	"C:\Program Files\JetBrains\CLion 2019.3.5\bin\cmake\win\bin\cmake.exe" -E vs_link_exe --intdir=CMakeFiles\cmTC_025b5.dir --rc=C:\PROGRA~2\WI3CF2~1\10\bin\100162~1.0\x86\rc.exe --mt=C:\PROGRA~2\WI3CF2~1\10\bin\100162~1.0\x86\mt.exe --manifests  -- C:\PROGRA~2\MICROS~2\2017\COMMUN~1\VC\Tools\MSVC\1412~1.258\bin\Hostx86\x86\link.exe /nologo @CMakeFiles\cmTC_025b5.dir\objects1.rsp @C:\Users\ARNAUD~1\AppData\Local\Temp\nmB0F3.tmp



Detecting C compiler ABI info compiled with the following output:
Change Dir: C:/Users/Arnaud Cassart/Documents/Travail Arnaud/Analyse num/Projet-IDI/cmake-build-debug/CMakeFiles/CMakeTmp

Run Build Command(s):nmake /nologo cmTC_3ae85\fast && 	"C:\Program Files (x86)\Microsoft Visual Studio\2017\Community\VC\Tools\MSVC\14.12.25827\bin\HostX86\x86\nmake.exe" -f CMakeFiles\cmTC_3ae85.dir\build.make /nologo -L                  CMakeFiles\cmTC_3ae85.dir\build
Building C object CMakeFiles/cmTC_3ae85.dir/CMakeCCompilerABI.c.obj
	C:\PROGRA~2\MICROS~2\2017\COMMUN~1\VC\Tools\MSVC\1412~1.258\bin\Hostx86\x86\cl.exe @C:\Users\ARNAUD~1\AppData\Local\Temp\nmB4AB.tmp
CMakeCCompilerABI.c
Linking C executable cmTC_3ae85.exe
	"C:\Program Files\JetBrains\CLion 2019.3.5\bin\cmake\win\bin\cmake.exe" -E vs_link_exe --intdir=CMakeFiles\cmTC_3ae85.dir --rc=C:\PROGRA~2\WI3CF2~1\10\bin\100162~1.0\x86\rc.exe --mt=C:\PROGRA~2\WI3CF2~1\10\bin\100162~1.0\x86\mt.exe --manifests  -- C:\PROGRA~2\MICROS~2\2017\COMMUN~1\VC\Tools\MSVC\1412~1.258\bin\Hostx86\x86\link.exe /nologo @CMakeFiles\cmTC_3ae85.dir\objects1.rsp @C:\Users\ARNAUD~1\AppData\Local\Temp\nmB529.tmp



